<?xml version="1.0" encoding="UTF-8"?>
<!-- Generated by org.testng.reporters.JUnitReportReporter -->
<testsuite hostname="DESKTOP-KL0RE44" failures="0" tests="1" name="Demo.NewTest" time="29.326" errors="0" timestamp="2023-05-04T20:22:12 IST" skipped="0">
  <testcase classname="Demo.NewTest" name="f" time="29.326"/>
  <system-out/>
</testsuite> <!-- Demo.NewTest -->
