<?xml version="1.0" encoding="UTF-8"?>
<!-- Generated by org.testng.reporters.JUnitReportReporter -->
<testsuite hostname="DESKTOP-KL0RE44" failures="0" tests="1" name="Demo.FluentWait" time="11.190" errors="0" timestamp="2023-05-04T14:13:35 IST" skipped="0">
  <testcase classname="Demo.FluentWait" name="TestDemo" time="11.190"/>
  <system-out/>
</testsuite> <!-- Demo.FluentWait -->
