<?xml version="1.0" encoding="UTF-8"?>
<!-- Generated by org.testng.reporters.JUnitReportReporter -->
<testsuite hostname="DESKTOP-KL0RE44" failures="0" tests="1" name="com.Test.LoginTest" time="1.108" errors="0" timestamp="2023-05-25T13:50:30 IST" skipped="0">
  <testcase classname="com.Test.LoginTest" name="test" time="1.108"/>
  <system-out/>
</testsuite> <!-- com.Test.LoginTest -->
